# JRE version: OpenJDK Runtime Environment AdoptOpenJDK-11.0.11+9 (11.0.11+9) (build 11.0.11+9)
# Java VM: OpenJDK 64-Bit Server VM AdoptOpenJDK-11.0.11+9 (11.0.11+9, mixed mode, tiered, compressed oops, parallel gc, windows-amd64)
Heap:
 PSYoungGen      total 12288K, used 7951K [0x00000000eab00000, 0x00000000ebb80000, 0x0000000100000000)
  eden space 10240K, 57% used [0x00000000eab00000,0x00000000eb0c5050,0x00000000eb500000)
  from space 2048K, 99% used [0x00000000eb980000,0x00000000ebb7efa0,0x00000000ebb80000)
  to   space 3072K, 0% used [0x00000000eb580000,0x00000000eb580000,0x00000000eb880000)
 ParOldGen       total 92160K, used 82279K [0x00000000c0000000, 0x00000000c5a00000, 0x00000000eab00000)
  object space 92160K, 89% used [0x00000000c0000000,0x00000000c5059e68,0x00000000c5a00000)
 Metaspace       used 51635K, capacity 54209K, committed 54360K, reserved 1097728K
  class space    used 5588K, capacity 6522K, committed 6528K, reserved 1048576K
GC Heap History (20 events):
Event: 7.091 GC heap before
{Heap before GC invocations=26 (full 2):
 PSYoungGen      total 14336K, used 14229K [0x00000000eab00000, 0x00000000ebe80000, 0x0000000100000000)
  eden space 11776K, 100% used [0x00000000eab00000,0x00000000eb680000,0x00000000eb680000)
  from space 2560K, 95% used [0x00000000eb680000,0x00000000eb8e5498,0x00000000eb900000)
  to   space 3584K, 0% used [0x00000000ebb00000,0x00000000ebb00000,0x00000000ebe80000)
 ParOldGen       total 68608K, used 63280K [0x00000000c0000000, 0x00000000c4300000, 0x00000000eab00000)
  object space 68608K, 92% used [0x00000000c0000000,0x00000000c3dcc390,0x00000000c4300000)
 Metaspace       used 51501K, capacity 54025K, committed 54104K, reserved 1097728K
  class space    used 5567K, capacity 6482K, committed 6528K, reserved 1048576K
}
Event: 7.094 GC heap after
{Heap after GC invocations=26 (full 2):
 PSYoungGen      total 13824K, used 2025K [0x00000000eab00000, 0x00000000ebd00000, 0x0000000100000000)
  eden space 11776K, 0% used [0x00000000eab00000,0x00000000eab00000,0x00000000eb680000)
  from space 2048K, 98% used [0x00000000ebb00000,0x00000000ebcfa410,0x00000000ebd00000)
  to   space 2560K, 0% used [0x00000000eb800000,0x00000000eb800000,0x00000000eba80000)
 ParOldGen       total 68608K, used 65567K [0x00000000c0000000, 0x00000000c4300000, 0x00000000eab00000)
  object space 68608K, 95% used [0x00000000c0000000,0x00000000c4007d00,0x00000000c4300000)
 Metaspace       used 51501K, capacity 54025K, committed 54104K, reserved 1097728K
  class space    used 5567K, capacity 6482K, committed 6528K, reserved 1048576K
}
Event: 7.162 GC heap before
{Heap before GC invocations=27 (full 2):
 PSYoungGen      total 13824K, used 13801K [0x00000000eab00000, 0x00000000ebd00000, 0x0000000100000000)
  eden space 11776K, 100% used [0x00000000eab00000,0x00000000eb680000,0x00000000eb680000)
  from space 2048K, 98% used [0x00000000ebb00000,0x00000000ebcfa410,0x00000000ebd00000)
  to   space 2560K, 0% used [0x00000000eb800000,0x00000000eb800000,0x00000000eba80000)
 ParOldGen       total 68608K, used 65567K [0x00000000c0000000, 0x00000000c4300000, 0x00000000eab00000)
  object space 68608K, 95% used [0x00000000c0000000,0x00000000c4007d00,0x00000000c4300000)
 Metaspace       used 51514K, capacity 54025K, committed 54104K, reserved 1097728K
  class space    used 5567K, capacity 6482K, committed 6528K, reserved 1048576K
}
Event: 7.166 GC heap after
{Heap after GC invocations=27 (full 2):
 PSYoungGen      total 14336K, used 2554K [0x00000000eab00000, 0x00000000ec080000, 0x0000000100000000)
  eden space 11776K, 0% used [0x00000000eab00000,0x00000000eab00000,0x00000000eb680000)
  from space 2560K, 99% used [0x00000000eb800000,0x00000000eba7ea10,0x00000000eba80000)
  to   space 5120K, 0% used [0x00000000ebb80000,0x00000000ebb80000,0x00000000ec080000)
 ParOldGen       total 68608K, used 67565K [0x00000000c0000000, 0x00000000c4300000, 0x00000000eab00000)
  object space 68608K, 98% used [0x00000000c0000000,0x00000000c41fb7d0,0x00000000c4300000)
 Metaspace       used 51514K, capacity 54025K, committed 54104K, reserved 1097728K
  class space    used 5567K, capacity 6482K, committed 6528K, reserved 1048576K
}
Event: 7.166 GC heap before
{Heap before GC invocations=28 (full 3):
 PSYoungGen      total 14336K, used 2554K [0x00000000eab00000, 0x00000000ec080000, 0x0000000100000000)
  eden space 11776K, 0% used [0x00000000eab00000,0x00000000eab00000,0x00000000eb680000)
  from space 2560K, 99% used [0x00000000eb800000,0x00000000eba7ea10,0x00000000eba80000)
  to   space 5120K, 0% used [0x00000000ebb80000,0x00000000ebb80000,0x00000000ec080000)
 ParOldGen       total 68608K, used 67565K [0x00000000c0000000, 0x00000000c4300000, 0x00000000eab00000)
  object space 68608K, 98% used [0x00000000c0000000,0x00000000c41fb7d0,0x00000000c4300000)
 Metaspace       used 51514K, capacity 54025K, committed 54104K, reserved 1097728K
  class space    used 5567K, capacity 6482K, committed 6528K, reserved 1048576K
}
Event: 7.420 GC heap after
{Heap after GC invocations=28 (full 3):
 PSYoungGen      total 16896K, used 0K [0x00000000eab00000, 0x00000000ec080000, 0x0000000100000000)
  eden space 11776K, 0% used [0x00000000eab00000,0x00000000eab00000,0x00000000eb680000)
  from space 5120K, 0% used [0x00000000ebb80000,0x00000000ebb80000,0x00000000ec080000)
  to   space 5120K, 0% used [0x00000000eb680000,0x00000000eb680000,0x00000000ebb80000)
 ParOldGen       total 92160K, used 64597K [0x00000000c0000000, 0x00000000c5a00000, 0x00000000eab00000)
  object space 92160K, 70% used [0x00000000c0000000,0x00000000c3f15420,0x00000000c5a00000)
 Metaspace       used 51514K, capacity 54025K, committed 54104K, reserved 1097728K
  class space    used 5567K, capacity 6482K, committed 6528K, reserved 1048576K
}
Event: 7.463 GC heap before
{Heap before GC invocations=29 (full 3):
 PSYoungGen      total 16896K, used 11776K [0x00000000eab00000, 0x00000000ec080000, 0x0000000100000000)
  eden space 11776K, 100% used [0x00000000eab00000,0x00000000eb680000,0x00000000eb680000)
  from space 5120K, 0% used [0x00000000ebb80000,0x00000000ebb80000,0x00000000ec080000)
  to   space 5120K, 0% used [0x00000000eb680000,0x00000000eb680000,0x00000000ebb80000)
 ParOldGen       total 92160K, used 64597K [0x00000000c0000000, 0x00000000c5a00000, 0x00000000eab00000)
  object space 92160K, 70% used [0x00000000c0000000,0x00000000c3f15420,0x00000000c5a00000)
 Metaspace       used 51514K, capacity 54025K, committed 54104K, reserved 1097728K
  class space    used 5567K, capacity 6482K, committed 6528K, reserved 1048576K
}
Event: 7.465 GC heap after
{Heap after GC invocations=29 (full 3):
 PSYoungGen      total 14336K, used 2267K [0x00000000eab00000, 0x00000000ebd80000, 0x0000000100000000)
  eden space 11776K, 0% used [0x00000000eab00000,0x00000000eab00000,0x00000000eb680000)
  from space 2560K, 88% used [0x00000000eb680000,0x00000000eb8b6e30,0x00000000eb900000)
  to   space 3584K, 0% used [0x00000000eba00000,0x00000000eba00000,0x00000000ebd80000)
 ParOldGen       total 92160K, used 64597K [0x00000000c0000000, 0x00000000c5a00000, 0x00000000eab00000)
  object space 92160K, 70% used [0x00000000c0000000,0x00000000c3f15420,0x00000000c5a00000)
 Metaspace       used 51514K, capacity 54025K, committed 54104K, reserved 1097728K
  class space    used 5567K, capacity 6482K, committed 6528K, reserved 1048576K
}
Event: 7.500 GC heap before
{Heap before GC invocations=30 (full 3):
 PSYoungGen      total 14336K, used 14043K [0x00000000eab00000, 0x00000000ebd80000, 0x0000000100000000)
  eden space 11776K, 100% used [0x00000000eab00000,0x00000000eb680000,0x00000000eb680000)
  from space 2560K, 88% used [0x00000000eb680000,0x00000000eb8b6e30,0x00000000eb900000)
  to   space 3584K, 0% used [0x00000000eba00000,0x00000000eba00000,0x00000000ebd80000)
 ParOldGen       total 92160K, used 64597K [0x00000000c0000000, 0x00000000c5a00000, 0x00000000eab00000)
  object space 92160K, 70% used [0x00000000c0000000,0x00000000c3f15420,0x00000000c5a00000)
 Metaspace       used 51515K, capacity 54025K, committed 54104K, reserved 1097728K
  class space    used 5567K, capacity 6482K, committed 6528K, reserved 1048576K
}
Event: 7.505 GC heap after
{Heap after GC invocations=30 (full 3):
 PSYoungGen      total 13824K, used 3577K [0x00000000eab00000, 0x00000000ec080000, 0x0000000100000000)
  eden space 10240K, 0% used [0x00000000eab00000,0x00000000eab00000,0x00000000eb500000)
  from space 3584K, 99% used [0x00000000eba00000,0x00000000ebd7e4e8,0x00000000ebd80000)
  to   space 5120K, 0% used [0x00000000eb500000,0x00000000eb500000,0x00000000eba00000)
 ParOldGen       total 92160K, used 65543K [0x00000000c0000000, 0x00000000c5a00000, 0x00000000eab00000)
  object space 92160K, 71% used [0x00000000c0000000,0x00000000c4001ec8,0x00000000c5a00000)
 Metaspace       used 51515K, capacity 54025K, committed 54104K, reserved 1097728K
  class space    used 5567K, capacity 6482K, committed 6528K, reserved 1048576K
}
Event: 7.540 GC heap before
{Heap before GC invocations=31 (full 3):
 PSYoungGen      total 13824K, used 13817K [0x00000000eab00000, 0x00000000ec080000, 0x0000000100000000)
  eden space 10240K, 100% used [0x00000000eab00000,0x00000000eb500000,0x00000000eb500000)
  from space 3584K, 99% used [0x00000000eba00000,0x00000000ebd7e4e8,0x00000000ebd80000)
  to   space 5120K, 0% used [0x00000000eb500000,0x00000000eb500000,0x00000000eba00000)
 ParOldGen       total 92160K, used 65543K [0x00000000c0000000, 0x00000000c5a00000, 0x00000000eab00000)
  object space 92160K, 71% used [0x00000000c0000000,0x00000000c4001ec8,0x00000000c5a00000)
 Metaspace       used 51521K, capacity 54025K, committed 54104K, reserved 1097728K
  class space    used 5567K, capacity 6482K, committed 6528K, reserved 1048576K
}
Event: 7.544 GC heap after
{Heap after GC invocations=31 (full 3):
 PSYoungGen      total 12800K, used 2084K [0x00000000eab00000, 0x00000000ebb00000, 0x0000000100000000)
  eden space 10240K, 0% used [0x00000000eab00000,0x00000000eab00000,0x00000000eb500000)
  from space 2560K, 81% used [0x00000000eb500000,0x00000000eb7092b8,0x00000000eb780000)
  to   space 3072K, 0% used [0x00000000eb800000,0x00000000eb800000,0x00000000ebb00000)
 ParOldGen       total 92160K, used 69107K [0x00000000c0000000, 0x00000000c5a00000, 0x00000000eab00000)
  object space 92160K, 74% used [0x00000000c0000000,0x00000000c437cc70,0x00000000c5a00000)
 Metaspace       used 51521K, capacity 54025K, committed 54104K, reserved 1097728K
  class space    used 5567K, capacity 6482K, committed 6528K, reserved 1048576K
}
Event: 7.577 GC heap before
{Heap before GC invocations=32 (full 3):
 PSYoungGen      total 12800K, used 12324K [0x00000000eab00000, 0x00000000ebb00000, 0x0000000100000000)
  eden space 10240K, 100% used [0x00000000eab00000,0x00000000eb500000,0x00000000eb500000)
  from space 2560K, 81% used [0x00000000eb500000,0x00000000eb7092b8,0x00000000eb780000)
  to   space 3072K, 0% used [0x00000000eb800000,0x00000000eb800000,0x00000000ebb00000)
 ParOldGen       total 92160K, used 69107K [0x00000000c0000000, 0x00000000c5a00000, 0x00000000eab00000)
  object space 92160K, 74% used [0x00000000c0000000,0x00000000c437cc70,0x00000000c5a00000)
 Metaspace       used 51526K, capacity 54025K, committed 54104K, reserved 1097728K
  class space    used 5567K, capacity 6482K, committed 6528K, reserved 1048576K
}
Event: 7.580 GC heap after
{Heap after GC invocations=32 (full 3):
 PSYoungGen      total 12288K, used 1787K [0x00000000eab00000, 0x00000000eba00000, 0x0000000100000000)
  eden space 10240K, 0% used [0x00000000eab00000,0x00000000eab00000,0x00000000eb500000)
  from space 2048K, 87% used [0x00000000eb800000,0x00000000eb9bef50,0x00000000eba00000)
  to   space 2048K, 0% used [0x00000000eb600000,0x00000000eb600000,0x00000000eb800000)
 ParOldGen       total 92160K, used 71070K [0x00000000c0000000, 0x00000000c5a00000, 0x00000000eab00000)
  object space 92160K, 77% used [0x00000000c0000000,0x00000000c4567a70,0x00000000c5a00000)
 Metaspace       used 51526K, capacity 54025K, committed 54104K, reserved 1097728K
  class space    used 5567K, capacity 6482K, committed 6528K, reserved 1048576K
}
Event: 7.610 GC heap before
{Heap before GC invocations=33 (full 3):
 PSYoungGen      total 12288K, used 11788K [0x00000000eab00000, 0x00000000eba00000, 0x0000000100000000)
  eden space 10240K, 97% used [0x00000000eab00000,0x00000000eb4c43a8,0x00000000eb500000)
  from space 2048K, 87% used [0x00000000eb800000,0x00000000eb9bef50,0x00000000eba00000)
  to   space 2048K, 0% used [0x00000000eb600000,0x00000000eb600000,0x00000000eb800000)
 ParOldGen       total 92160K, used 71070K [0x00000000c0000000, 0x00000000c5a00000, 0x00000000eab00000)
  object space 92160K, 77% used [0x00000000c0000000,0x00000000c4567a70,0x00000000c5a00000)
 Metaspace       used 51542K, capacity 54025K, committed 54104K, reserved 1097728K
  class space    used 5567K, capacity 6482K, committed 6528K, reserved 1048576K
}
Event: 7.612 GC heap after
{Heap after GC invocations=33 (full 3):
 PSYoungGen      total 12288K, used 2024K [0x00000000eab00000, 0x00000000ec000000, 0x0000000100000000)
  eden space 10240K, 0% used [0x00000000eab00000,0x00000000eab00000,0x00000000eb500000)
  from space 2048K, 98% used [0x00000000eb600000,0x00000000eb7fa058,0x00000000eb800000)
  to   space 5632K, 0% used [0x00000000eba80000,0x00000000eba80000,0x00000000ec000000)
 ParOldGen       total 92160K, used 73858K [0x00000000c0000000, 0x00000000c5a00000, 0x00000000eab00000)
  object space 92160K, 80% used [0x00000000c0000000,0x00000000c4820bb0,0x00000000c5a00000)
 Metaspace       used 51542K, capacity 54025K, committed 54104K, reserved 1097728K
  class space    used 5567K, capacity 6482K, committed 6528K, reserved 1048576K
}
Event: 7.639 GC heap before
{Heap before GC invocations=34 (full 3):
 PSYoungGen      total 12288K, used 12264K [0x00000000eab00000, 0x00000000ec000000, 0x0000000100000000)
  eden space 10240K, 100% used [0x00000000eab00000,0x00000000eb500000,0x00000000eb500000)
  from space 2048K, 98% used [0x00000000eb600000,0x00000000eb7fa058,0x00000000eb800000)
  to   space 5632K, 0% used [0x00000000eba80000,0x00000000eba80000,0x00000000ec000000)
 ParOldGen       total 92160K, used 73858K [0x00000000c0000000, 0x00000000c5a00000, 0x00000000eab00000)
  object space 92160K, 80% used [0x00000000c0000000,0x00000000c4820bb0,0x00000000c5a00000)
 Metaspace       used 51551K, capacity 54025K, committed 54104K, reserved 1097728K
  class space    used 5567K, capacity 6482K, committed 6528K, reserved 1048576K
}
Event: 7.642 GC heap after
{Heap after GC invocations=34 (full 3):
 PSYoungGen      total 13824K, used 3155K [0x00000000eab00000, 0x00000000ebe00000, 0x0000000100000000)
  eden space 10240K, 0% used [0x00000000eab00000,0x00000000eab00000,0x00000000eb500000)
  from space 3584K, 88% used [0x00000000eba80000,0x00000000ebd94d80,0x00000000ebe00000)
  to   space 4096K, 0% used [0x00000000eb600000,0x00000000eb600000,0x00000000eba00000)
 ParOldGen       total 92160K, used 75928K [0x00000000c0000000, 0x00000000c5a00000, 0x00000000eab00000)
  object space 92160K, 82% used [0x00000000c0000000,0x00000000c4a26110,0x00000000c5a00000)
 Metaspace       used 51551K, capacity 54025K, committed 54104K, reserved 1097728K
  class space    used 5567K, capacity 6482K, committed 6528K, reserved 1048576K
}
Event: 7.672 GC heap before
{Heap before GC invocations=35 (full 3):
 PSYoungGen      total 13824K, used 13395K [0x00000000eab00000, 0x00000000ebe00000, 0x0000000100000000)
  eden space 10240K, 100% used [0x00000000eab00000,0x00000000eb500000,0x00000000eb500000)
  from space 3584K, 88% used [0x00000000eba80000,0x00000000ebd94d80,0x00000000ebe00000)
  to   space 4096K, 0% used [0x00000000eb600000,0x00000000eb600000,0x00000000eba00000)
 ParOldGen       total 92160K, used 75928K [0x00000000c0000000, 0x00000000c5a00000, 0x00000000eab00000)
  object space 92160K, 82% used [0x00000000c0000000,0x00000000c4a26110,0x00000000c5a00000)
 Metaspace       used 51561K, capacity 54025K, committed 54104K, reserved 1097728K
  class space    used 5568K, capacity 6482K, committed 6528K, reserved 1048576K
}
Event: 7.677 GC heap after
{Heap after GC invocations=35 (full 3):
 PSYoungGen      total 13824K, used 3538K [0x00000000eab00000, 0x00000000ebd00000, 0x0000000100000000)
  eden space 10240K, 0% used [0x00000000eab00000,0x00000000eab00000,0x00000000eb500000)
  from space 3584K, 98% used [0x00000000eb600000,0x00000000eb974b90,0x00000000eb980000)
  to   space 3584K, 0% used [0x00000000eb980000,0x00000000eb980000,0x00000000ebd00000)
 ParOldGen       total 92160K, used 78901K [0x00000000c0000000, 0x00000000c5a00000, 0x00000000eab00000)
  object space 92160K, 85% used [0x00000000c0000000,0x00000000c4d0d628,0x00000000c5a00000)
 Metaspace       used 51561K, capacity 54025K, committed 54104K, reserved 1097728K
  class space    used 5568K, capacity 6482K, committed 6528K, reserved 1048576K
}

