# JRE version: OpenJDK Runtime Environment AdoptOpenJDK-11.0.11+9 (11.0.11+9) (build 11.0.11+9)
# Java VM: OpenJDK 64-Bit Server VM AdoptOpenJDK-11.0.11+9 (11.0.11+9, mixed mode, tiered, compressed oops, g1 gc, windows-amd64)
Heap:
 garbage-first heap   total 262144K, used 123459K [0x00000000a0000000, 0x0000000100000000)
  region size 1024K, 69 young (70656K), 12 survivors (12288K)
 Metaspace       used 70646K, capacity 72563K, committed 72824K, reserved 1112064K
  class space    used 9103K, capacity 9754K, committed 9856K, reserved 1048576K
GC Heap History (16 events):
Event: 0.601 GC heap before
{Heap before GC invocations=0 (full 0):
 garbage-first heap   total 262144K, used 29696K [0x00000000a0000000, 0x0000000100000000)
  region size 1024K, 24 young (24576K), 0 survivors (0K)
 Metaspace       used 10401K, capacity 10628K, committed 10752K, reserved 1058816K
  class space    used 1093K, capacity 1157K, committed 1280K, reserved 1048576K
}
Event: 0.605 GC heap after
{Heap after GC invocations=1 (full 0):
 garbage-first heap   total 262144K, used 8659K [0x00000000a0000000, 0x0000000100000000)
  region size 1024K, 3 young (3072K), 3 survivors (3072K)
 Metaspace       used 10401K, capacity 10628K, committed 10752K, reserved 1058816K
  class space    used 1093K, capacity 1157K, committed 1280K, reserved 1048576K
}
Event: 1.887 GC heap before
{Heap before GC invocations=1 (full 0):
 garbage-first heap   total 262144K, used 90579K [0x00000000a0000000, 0x0000000100000000)
  region size 1024K, 84 young (86016K), 3 survivors (3072K)
 Metaspace       used 20810K, capacity 21186K, committed 21248K, reserved 1067008K
  class space    used 2616K, capacity 2792K, committed 2816K, reserved 1048576K
}
Event: 1.896 GC heap after
{Heap after GC invocations=2 (full 0):
 garbage-first heap   total 262144K, used 15592K [0x00000000a0000000, 0x0000000100000000)
  region size 1024K, 10 young (10240K), 10 survivors (10240K)
 Metaspace       used 20810K, capacity 21186K, committed 21248K, reserved 1067008K
  class space    used 2616K, capacity 2792K, committed 2816K, reserved 1048576K
}
Event: 2.343 GC heap before
{Heap before GC invocations=3 (full 0):
 garbage-first heap   total 262144K, used 50408K [0x00000000a0000000, 0x0000000100000000)
  region size 1024K, 45 young (46080K), 10 survivors (10240K)
 Metaspace       used 28380K, capacity 28836K, committed 28928K, reserved 1075200K
  class space    used 3576K, capacity 3764K, committed 3840K, reserved 1048576K
}
Event: 2.350 GC heap after
{Heap after GC invocations=4 (full 0):
 garbage-first heap   total 262144K, used 18433K [0x00000000a0000000, 0x0000000100000000)
  region size 1024K, 3 young (3072K), 3 survivors (3072K)
 Metaspace       used 28380K, capacity 28836K, committed 28928K, reserved 1075200K
  class space    used 3576K, capacity 3764K, committed 3840K, reserved 1048576K
}
Event: 3.002 GC heap before
{Heap before GC invocations=4 (full 0):
 garbage-first heap   total 262144K, used 72705K [0x00000000a0000000, 0x0000000100000000)
  region size 1024K, 55 young (56320K), 3 survivors (3072K)
 Metaspace       used 35228K, capacity 35719K, committed 35840K, reserved 1081344K
  class space    used 4377K, capacity 4583K, committed 4608K, reserved 1048576K
}
Event: 3.011 GC heap after
{Heap after GC invocations=5 (full 0):
 garbage-first heap   total 262144K, used 21429K [0x00000000a0000000, 0x0000000100000000)
  region size 1024K, 6 young (6144K), 6 survivors (6144K)
 Metaspace       used 35228K, capacity 35719K, committed 35840K, reserved 1081344K
  class space    used 4377K, capacity 4583K, committed 4608K, reserved 1048576K
}
Event: 4.006 GC heap before
{Heap before GC invocations=6 (full 0):
 garbage-first heap   total 262144K, used 114613K [0x00000000a0000000, 0x0000000100000000)
  region size 1024K, 92 young (94208K), 6 survivors (6144K)
 Metaspace       used 41140K, capacity 41996K, committed 42240K, reserved 1085440K
  class space    used 5251K, capacity 5519K, committed 5632K, reserved 1048576K
}
Event: 4.014 GC heap after
{Heap after GC invocations=7 (full 0):
 garbage-first heap   total 262144K, used 35130K [0x00000000a0000000, 0x0000000100000000)
  region size 1024K, 12 young (12288K), 12 survivors (12288K)
 Metaspace       used 41140K, capacity 41996K, committed 42240K, reserved 1085440K
  class space    used 5251K, capacity 5519K, committed 5632K, reserved 1048576K
}
Event: 5.212 GC heap before
{Heap before GC invocations=7 (full 0):
 garbage-first heap   total 262144K, used 140602K [0x00000000a0000000, 0x0000000100000000)
  region size 1024K, 115 young (117760K), 12 survivors (12288K)
 Metaspace       used 54091K, capacity 55187K, committed 55296K, reserved 1097728K
  class space    used 6787K, capacity 7163K, committed 7168K, reserved 1048576K
}
Event: 5.225 GC heap after
{Heap after GC invocations=8 (full 0):
 garbage-first heap   total 262144K, used 42568K [0x00000000a0000000, 0x0000000100000000)
  region size 1024K, 15 young (15360K), 15 survivors (15360K)
 Metaspace       used 54091K, capacity 55187K, committed 55296K, reserved 1097728K
  class space    used 6787K, capacity 7163K, committed 7168K, reserved 1048576K
}
Event: 6.215 GC heap before
{Heap before GC invocations=8 (full 0):
 garbage-first heap   total 262144K, used 128584K [0x00000000a0000000, 0x0000000100000000)
  region size 1024K, 99 young (101376K), 15 survivors (15360K)
 Metaspace       used 58513K, capacity 59849K, committed 59904K, reserved 1101824K
  class space    used 7422K, capacity 7915K, committed 7936K, reserved 1048576K
}
Event: 6.242 GC heap after
{Heap after GC invocations=9 (full 0):
 garbage-first heap   total 262144K, used 53023K [0x00000000a0000000, 0x0000000100000000)
  region size 1024K, 16 young (16384K), 16 survivors (16384K)
 Metaspace       used 58513K, capacity 59849K, committed 59904K, reserved 1101824K
  class space    used 7422K, capacity 7915K, committed 7936K, reserved 1048576K
}
Event: 7.710 GC heap before
{Heap before GC invocations=10 (full 0):
 garbage-first heap   total 262144K, used 170783K [0x00000000a0000000, 0x0000000100000000)
  region size 1024K, 128 young (131072K), 16 survivors (16384K)
 Metaspace       used 66039K, capacity 67915K, committed 68088K, reserved 1107968K
  class space    used 8476K, capacity 9110K, committed 9216K, reserved 1048576K
}
Event: 7.725 GC heap after
{Heap after GC invocations=11 (full 0):
 garbage-first heap   total 262144K, used 67139K [0x00000000a0000000, 0x0000000100000000)
  region size 1024K, 12 young (12288K), 12 survivors (12288K)
 Metaspace       used 66039K, capacity 67915K, committed 68088K, reserved 1107968K
  class space    used 8476K, capacity 9110K, committed 9216K, reserved 1048576K
}

